This is pdfTeX, Version 3.14159265-2.6-1.40.16 (TeX Live 2015) (preloaded format=pdflatex 2015.5.24)  19 DEC 2015 14:22
entering extended mode
 restricted \write18 enabled.
 file:line:error style messages enabled.
 %&-line parsing enabled.
**journalstemp.tex
(./journalstemp.tex
LaTeX2e <2015/01/01>
Babel <3.9l> and hyphenation patterns for 79 languages loaded.
(./AIAA.cls
Document Class: AIAA 
(/usr/local/texlive/2015/texmf-dist/tex/latex/revtex/revtex4-1.cls
Document Class: revtex4-1 2010/07/25/20:33:00 4.1r (http://publish.aps.org/revt
ex4/ for documentation)
 Copyright (c) 2009 The American Physical Society.
 mailto:revtex@aps.org
 Licensed under the LPPL:
http://www.ctan.org/tex-archive/macros/latex/base/lppl.txt
 Arthur Ogawa <arthur_ogawa at sbcglobal dot net>
 Based on work by David Carlisle <david at dcarlisle.demon.co.uk>.
ltxutil[2010/07/25/20:33:00 4.1r utilities package (portions licensed from W. E
. Baxter web at superscript.com)]
LaTeX Info: Redefining \@centercr on input line 308.
Class revtex4-1 Info: Repairing broken LaTeX eqnarray on input line 358.
\eqncolsep=\skip41
Class revtex4-1 Info: Repairing hyperref-unfriendly LaTeX definition of \mpfoot
note on input line 433.
Class revtex4-1 Info: Repairing broken LateX \@sect on input line 755.
\intertabularlinepenalty=\count79
\@tbpen=\count80
\@arstrutbox@hline=\box26
Class revtex4-1 Info: Repairing broken LaTeX \@xbitor on input line 1786.
Class revtex4-1 Info: Making \typeout \long on input line 2046.
ltxfront[2010/07/25/20:33:00 4.1r frontmatter package (AO,DPC)]
\c@affil=\count81
\c@collab=\count82
\absbox=\box27
ltxgrid[2010/07/25/20:33:00 4.1r page grid package (portions licensed from W. E
. Baxter web at superscript.com)]
\c@linecount=\count83
\output@latex=\toks14
\box@size@1=\box28
\box@size@2=\box29
\@protection@box=\box30
\@topmark@saved=\toks15
\footins@saved=\box31
\footins@recovered=\box32
\column@recovered=\box33
\pagesofar=\box34
\footsofar=\box35
\pagegrid@col=\count84
Class revtex4-1 Info: Overriding \@vspace, \@vspacer, \@no@pgbk, \@newline, and
 \\  on input line 5578.
\c@part=\count85
\c@section=\count86
\c@subsection=\count87
\c@subsubsection=\count88
\c@paragraph=\count89
\c@subparagraph=\count90
\abovecaptionskip=\skip42
\belowcaptionskip=\skip43
\c@figure=\count91
\fbox@1=\box36
\c@table=\count92
\fbox@2=\box37
\c@video=\count93
\fbox@4=\box38
\@bibdataout=\write3
\widetext@top=\box39
\widetext@bot=\box40

Class revtex4-1 Warning: No Society specified, using default society aps.

(/usr/local/texlive/2015/texmf-dist/tex/latex/revtex/aps4-1.rtx
File: aps4-1 2010/07/25/20:33:00 4.1r (http://publish.aps.org/revtex4/ for docu
mentation)
Class revtex4-1 Info: RevTeX society APS selected on input line 31.
)

Class revtex4-1 Warning: Document class option manuscript is obsolete; use prep
rint instead.


Class revtex4-1 Warning: No journal specified, using default pra.

Class revtex4-1 Info: APS journal PRA selected on input line 7545.

Class revtex4-1 Warning: Document class option manuscript is obsolete; use prep
rint instead.

(/usr/local/texlive/2015/texmf-dist/tex/latex/revtex/aps12pt4-1.rtx
File: aps12pt4-1 2010/07/25/20:33:00 4.1r (http://publish.aps.org/revtex4/ for 
documentation)
Class revtex4-1 Info: RevTeX pointsize 12pt selected on input line 30.
)

Class revtex4-1 Warning: Document class option manuscript is obsolete; use prep
rint instead.

(/usr/local/texlive/2015/texmf-dist/tex/latex/textcase/textcase.sty
Package: textcase 2004/10/07 v0.07 Text only upper/lower case changing (DPC)
)
(/usr/local/texlive/2015/texmf-dist/tex/latex/url/url.sty
\Urlmuskip=\muskip10
Package: url 2013/09/16  ver 3.4  Verb mode for urls, etc.
)
(/usr/local/texlive/2015/texmf-dist/tex/latex/natbib/natbib.sty
Package: natbib 2010/09/13 8.31b (PWD, AO)
\bibhang=\skip44
\bibsep=\skip45
LaTeX Info: Redefining \cite on input line 694.
\c@NAT@ctr=\count94
)
Class revtex4-1 Info: Repairing natbib's \BibitemShut on input line 7549.

(/usr/local/texlive/2015/texmf-dist/tex/latex/revtex/revsymb4-1.sty
Package: revsymb4-1 2010/07/25/20:33:00 4.1r (http://publish.aps.org/revtex4/ f
or documentation)
LaTeX Info: Redefining \REV@mathfrak on input line 119.
))
(/usr/local/texlive/2015/texmf-dist/tex/latex/base/latexsym.sty
Package: latexsym 1998/08/17 v2.2e Standard LaTeX package (lasy symbols)
\symlasy=\mathgroup4
LaTeX Font Info:    Overwriting symbol font `lasy' in version `bold'
(Font)                  U/lasy/m/n --> U/lasy/b/n on input line 52.
)
(/usr/local/texlive/2015/texmf-dist/tex/latex/graphics/graphicx.sty
Package: graphicx 2014/10/28 v1.0g Enhanced LaTeX Graphics (DPC,SPQR)

(/usr/local/texlive/2015/texmf-dist/tex/latex/graphics/keyval.sty
Package: keyval 2014/10/28 v1.15 key=value parser (DPC)
\KV@toks@=\toks16
)
(/usr/local/texlive/2015/texmf-dist/tex/latex/graphics/graphics.sty
Package: graphics 2014/10/28 v1.0p Standard LaTeX Graphics (DPC,SPQR)

(/usr/local/texlive/2015/texmf-dist/tex/latex/graphics/trig.sty
Package: trig 1999/03/16 v1.09 sin cos tan (DPC)
)
(/usr/local/texlive/2015/texmf-dist/tex/latex/latexconfig/graphics.cfg
File: graphics.cfg 2010/04/23 v1.9 graphics configuration of TeX Live
)
Package graphics Info: Driver file: pdftex.def on input line 94.

(/usr/local/texlive/2015/texmf-dist/tex/latex/pdftex-def/pdftex.def
File: pdftex.def 2011/05/27 v0.06d Graphics/color for pdfTeX

(/usr/local/texlive/2015/texmf-dist/tex/generic/oberdiek/infwarerr.sty
Package: infwarerr 2010/04/08 v1.3 Providing info/warning/error messages (HO)
)
(/usr/local/texlive/2015/texmf-dist/tex/generic/oberdiek/ltxcmds.sty
Package: ltxcmds 2011/11/09 v1.22 LaTeX kernel commands for general use (HO)
)
\Gread@gobject=\count95
))
\Gin@req@height=\dimen102
\Gin@req@width=\dimen103
)
(/usr/local/texlive/2015/texmf-dist/tex/latex/tools/verbatim.sty
Package: verbatim 2014/10/28 v1.5q LaTeX2e package for verbatim enhancements
\every@verbatim=\toks17
\verbatim@line=\toks18
\verbatim@in@stream=\read1
)
(/usr/local/texlive/2015/texmf-dist/tex/latex/base/fontenc.sty
Package: fontenc 2005/09/27 v1.99g Standard LaTeX package

(/usr/local/texlive/2015/texmf-dist/tex/latex/base/t1enc.def
File: t1enc.def 2005/09/27 v1.99g Standard LaTeX file
LaTeX Font Info:    Redeclaring font encoding T1 on input line 48.
))
Class revtex4-1 Info: RevTeX society APS selected on input line 423.
)
Class revtex4-1 Info: Patching LaTeX tabular. on input line 5.
Class revtex4-1 Info: Robustifying \LaTeX's \boldmath command on input line 5.
Class revtex4-1 Info: cite was not loaded (OK!) on input line 5.
Class revtex4-1 Info: mcite was not loaded (OK!) on input line 5.
Class revtex4-1 Info: multicol was not loaded (OK!) on input line 5.

(./journalstemp.aux)
\openout1 = `journalstemp.aux'.

LaTeX Font Info:    Checking defaults for OML/cmm/m/it on input line 5.
LaTeX Font Info:    ... okay on input line 5.
LaTeX Font Info:    Checking defaults for T1/cmr/m/n on input line 5.
LaTeX Font Info:    ... okay on input line 5.
LaTeX Font Info:    Checking defaults for OT1/cmr/m/n on input line 5.
LaTeX Font Info:    ... okay on input line 5.
LaTeX Font Info:    Checking defaults for OMS/cmsy/m/n on input line 5.
LaTeX Font Info:    ... okay on input line 5.
LaTeX Font Info:    Checking defaults for OMX/cmex/m/n on input line 5.
LaTeX Font Info:    ... okay on input line 5.
LaTeX Font Info:    Checking defaults for U/cmr/m/n on input line 5.
LaTeX Font Info:    ... okay on input line 5.

(/usr/local/texlive/2015/texmf-dist/tex/context/base/supp-pdf.mkii
[Loading MPS to PDF converter (version 2006.09.02).]
\scratchcounter=\count96
\scratchdimen=\dimen104
\scratchbox=\box41
\nofMPsegments=\count97
\nofMParguments=\count98
\everyMPshowfont=\toks19
\MPscratchCnt=\count99
\MPscratchDim=\dimen105
\MPnumerator=\count100
\makeMPintoPDFobject=\count101
\everyMPtoPDFconversion=\toks20
)

./journalstemp.tex:5: LaTeX Error: \RequirePackage or \LoadClass in Options Sec
tion.

See the LaTeX manual or LaTeX Companion for explanation.
Type  H <return>  for immediate help.
 ...                                              
                                                  
l.5 \begin{document}
                    
? 
\openout3 = `journalstempNotes.bib'.

LaTeX Font Info:    External font `cmex10' loaded for size
(Font)              <7> on input line 20.
LaTeX Font Info:    External font `cmex10' loaded for size
(Font)              <5> on input line 20.
LaTeX Font Info:    Try loading font information for U+lasy on input line 20.
(/usr/local/texlive/2015/texmf-dist/tex/latex/base/ulasy.fd
File: ulasy.fd 1998/08/17 v2.2e LaTeX symbol font definitions
)
LaTeX Font Info:    External font `cmex10' loaded for size
(Font)              <8> on input line 20.
LaTeX Font Info:    External font `cmex10' loaded for size
(Font)              <6> on input line 20.

Underfull \hbox (badness 10000) in paragraph at lines 24--36

 []

[1{/usr/local/texlive/2015/texmf-var/fonts/map/pdftex/updmap/pdftex.map}]
[2] [3] [4] [5] <Cm_PSD_Boer1.pdf, id=31, 170.67764pt x 108.16411pt>
File: Cm_PSD_Boer1.pdf Graphic file (type pdf)

<use Cm_PSD_Boer1.pdf>
Package pdftex.def Info: Cm_PSD_Boer1.pdf used on input line 78.
(pdftex.def)             Requested size: 256.0158pt x 162.24574pt.
 [6 <./Cm_PSD_Boer1.pdf>] [7] [8] [9] [10] [11] [12]
[13] [14] [15] <GTA_inputs.pdf, id=71, 420.57124pt x 316.18124pt>
File: GTA_inputs.pdf Graphic file (type pdf)

<use GTA_inputs.pdf>
Package pdftex.def Info: GTA_inputs.pdf used on input line 254.
(pdftex.def)             Requested size: 336.45746pt x 252.94533pt.
LaTeX Font Info:    External font `cmex10' loaded for size
(Font)              <9> on input line 255.
 [16] [17 <./GTA_inputs.pdf>]
<CZ_ip_op.pdf, id=92, 577.15625pt x 337.26pt>
File: CZ_ip_op.pdf Graphic file (type pdf)
 <use CZ_ip_op.pdf>
Package pdftex.def Info: CZ_ip_op.pdf used on input line 286.
(pdftex.def)             Requested size: 284.52756pt x 166.26749pt.

<GTA_Cz_SA.pdf, id=93, 436.63126pt x 313.17pt>
File: GTA_Cz_SA.pdf Graphic file (type pdf)
 <use GTA_Cz_SA.pdf>
Package pdftex.def Info: GTA_Cz_SA.pdf used on input line 296.
(pdftex.def)             Requested size: 284.52756pt x 204.07416pt.

<GTA_Cz_Par.pdf, id=94, 485.815pt x 307.1475pt>
File: GTA_Cz_Par.pdf Graphic file (type pdf)
 <use GTA_Cz_Par.pdf>
Package pdftex.def Info: GTA_Cz_Par.pdf used on input line 302.
(pdftex.def)             Requested size: 284.52756pt x 179.88443pt.
 [18 <./CZ_ip_op.pdf>] [19 <./GTA_Cz_SA.pdf> <./GTA_Cz_Par.pdf>]
<Cz_PSD_83_raw.pdf, id=143, 399.4925pt x 227.85126pt>
File: Cz_PSD_83_raw.pdf Graphic file (type pdf)
 <use Cz_PSD_83_raw.pdf>
Package pdftex.def Info: Cz_PSD_83_raw.pdf used on input line 322.
(pdftex.def)             Requested size: 284.52756pt x 162.28659pt.

[20 <./Cz_PSD_83_raw.pdf>] <LA83_sim.pdf, id=154, 436.63126pt x 313.17pt>
File: LA83_sim.pdf Graphic file (type pdf)

<use LA83_sim.pdf>
Package pdftex.def Info: LA83_sim.pdf used on input line 345.
(pdftex.def)             Requested size: 284.52756pt x 204.07416pt.
 [21] [22 <./LA83_sim.pdf>]
<GTA_R63_Cm.pdf, id=173, 348.30125pt x 241.90375pt>
File: GTA_R63_Cm.pdf Graphic file (type pdf)
 <use GTA_R63_Cm.pdf>
Package pdftex.def Info: GTA_R63_Cm.pdf used on input line 367.
(pdftex.def)             Requested size: 284.52756pt x 197.62042pt.

<R63_kernelstates.pdf, id=174, 420.57124pt x 316.18124pt>
File: R63_kernelstates.pdf Graphic file (type pdf)

<use R63_kernelstates.pdf>
Package pdftex.def Info: R63_kernelstates.pdf used on input line 374.
(pdftex.def)             Requested size: 284.52756pt x 213.90523pt.
 [23 <./GTA_R63_Cm.pdf>]
<PDEM_Cm_R63.pdf, id=191, 458.71375pt x 331.2375pt>
File: PDEM_Cm_R63.pdf Graphic file (type pdf)
 <use PDEM_Cm_R63.pdf>
Package pdftex.def Info: PDEM_Cm_R63.pdf used on input line 388.
(pdftex.def)             Requested size: 284.52756pt x 205.4662pt.

[24 <./R63_kernelstates.pdf>] [25 <./PDEM_Cm_R63.pdf>]

LaTeX Warning: Reference `eq:VVMfun1' on page 26 undefined on input line 418.

<Rlocus_alpha.pdf, id=232, 400.49625pt x 252.945pt>
File: Rlocus_alpha.pdf Graphic file (type pdf)
 <use Rlocus_alpha.pdf>
Package pdftex.def Info: Rlocus_alpha.pdf used on input line 433.
(pdftex.def)             Requested size: 284.52756pt x 179.71185pt.

<Rlocus_SP.pdf, id=233, 403.5075pt x 250.9375pt>
File: Rlocus_SP.pdf Graphic file (type pdf)
 <use Rlocus_SP.pdf>
Package pdftex.def Info: Rlocus_SP.pdf used on input line 440.
(pdftex.def)             Requested size: 284.52756pt x 176.9454pt.
 [26 <./Rlocus_alpha.pdf>] [27 <./Rlocus_SP.pdf>] (./journalstemp.bbl [28] [29]
 [30]
[31]) [32] (./journalstemp.aux)

LaTeX Warning: There were undefined references.

 ) 
Here is how much of TeX's memory you used:
 3689 strings out of 493089
 48293 string characters out of 6134842
 119184 words of memory out of 5000000
 7146 multiletter control sequences out of 15000+600000
 16078 words of font info for 41 fonts, out of 8000000 for 9000
 1141 hyphenation exceptions out of 8191
 35i,8n,32p,1220b,490s stack positions out of 5000i,500n,10000p,200000b,80000s
{/usr/local/texlive/2015/texmf-dist/fonts/enc/dvips/cm-super/cm-super-t1.enc}
</usr/local/texlive/2015/texmf-dist/fonts/type1/public/amsfonts/cm/cmex10.pfb><
/usr/local/texlive/2015/texmf-dist/fonts/type1/public/amsfonts/cm/cmmi10.pfb></
usr/local/texlive/2015/texmf-dist/fonts/type1/public/amsfonts/cm/cmmi5.pfb></us
r/local/texlive/2015/texmf-dist/fonts/type1/public/amsfonts/cm/cmmi6.pfb></usr/
local/texlive/2015/texmf-dist/fonts/type1/public/amsfonts/cm/cmmi7.pfb></usr/lo
cal/texlive/2015/texmf-dist/fonts/type1/public/amsfonts/cm/cmmi9.pfb></usr/loca
l/texlive/2015/texmf-dist/fonts/type1/public/amsfonts/cm/cmr10.pfb></usr/local/
texlive/2015/texmf-dist/fonts/type1/public/amsfonts/cm/cmr5.pfb></usr/local/tex
live/2015/texmf-dist/fonts/type1/public/amsfonts/cm/cmr6.pfb></usr/local/texliv
e/2015/texmf-dist/fonts/type1/public/amsfonts/cm/cmr7.pfb></usr/local/texlive/2
015/texmf-dist/fonts/type1/public/amsfonts/cm/cmr9.pfb></usr/local/texlive/2015
/texmf-dist/fonts/type1/public/amsfonts/cm/cmsy10.pfb></usr/local/texlive/2015/
texmf-dist/fonts/type1/public/amsfonts/cm/cmsy7.pfb></usr/local/texlive/2015/te
xmf-dist/fonts/type1/public/cm-super/sfbx0900.pfb></usr/local/texlive/2015/texm
f-dist/fonts/type1/public/cm-super/sfbx1000.pfb></usr/local/texlive/2015/texmf-
dist/fonts/type1/public/cm-super/sfbx1728.pfb></usr/local/texlive/2015/texmf-di
st/fonts/type1/public/cm-super/sfrm0600.pfb></usr/local/texlive/2015/texmf-dist
/fonts/type1/public/cm-super/sfrm0700.pfb></usr/local/texlive/2015/texmf-dist/f
onts/type1/public/cm-super/sfrm0800.pfb></usr/local/texlive/2015/texmf-dist/fon
ts/type1/public/cm-super/sfrm0900.pfb></usr/local/texlive/2015/texmf-dist/fonts
/type1/public/cm-super/sfrm1000.pfb></usr/local/texlive/2015/texmf-dist/fonts/t
ype1/public/cm-super/sfti0900.pfb></usr/local/texlive/2015/texmf-dist/fonts/typ
e1/public/cm-super/sfti1000.pfb>
Output written on journalstemp.pdf (32 pages, 584765 bytes).
PDF statistics:
 356 PDF objects out of 1000 (max. 8388607)
 250 compressed objects within 3 object streams
 0 named destinations out of 1000 (max. 500000)
 61 words of extra memory for PDF output out of 10000 (max. 10000000)

